<?xml version="1.0" encoding="UTF-8"?>
<testng-results ignored="0" total="1" passed="1" failed="0" skipped="0">
  <reporter-output>
  </reporter-output>
  <suite started-at="2021-05-13T10:49:33Z" name="Default suite" finished-at="2021-05-13T10:49:41Z" duration-ms="7553">
    <groups>
    </groups>
    <test started-at="2021-05-13T10:49:33Z" name="Default test" finished-at="2021-05-13T10:49:41Z" duration-ms="7553">
      <class name="ABD.Arnab">
        <test-method signature="launchURL()[pri:0, instance:ABD.Arnab@2b9ed6da]" started-at="2021-05-13T10:49:33Z" name="launchURL" finished-at="2021-05-13T10:49:41Z" duration-ms="7525" status="PASS">
          <reporter-output>
          </reporter-output>
        </test-method> <!-- launchURL -->
      </class> <!-- ABD.Arnab -->
    </test> <!-- Default test -->
  </suite> <!-- Default suite -->
</testng-results>
