<?xml version="1.0" encoding="UTF-8"?>
<!-- Generated by org.testng.reporters.JUnitXMLReporter -->
<testsuite ignored="0" hostname="AnmolPC" failures="0" tests="4" name="Default test" time="83.511" errors="0" timestamp="13 May 2021 15:31:44 GMT">
  <testcase classname="testcases.MainScript" name="bsLaunchURL" time="18.16"/>
  <testcase classname="testcases.MainScript" name="upBikes" time="36.522"/>
  <testcase classname="testcases.MainScript" name="usedCars" time="15.96"/>
  <testcase classname="testcases.MainScript" name="googleSignIn" time="10.71"/>
</testsuite> <!-- Default test -->
