<?xml version="1.0" encoding="UTF-8"?>
<testng-results ignored="0" total="1" passed="1" failed="0" skipped="0">
  <reporter-output>
  </reporter-output>
  <suite started-at="2021-05-14T04:03:01Z" name="Suite" finished-at="2021-05-14T04:03:07Z" duration-ms="5801">
    <groups>
    </groups>
    <test started-at="2021-05-14T04:03:01Z" name="Test" finished-at="2021-05-14T04:03:07Z" duration-ms="5801">
      <class name="ABD.Arnab">
        <test-method signature="launchURL()[pri:0, instance:ABD.Arnab@7354b8c5]" started-at="2021-05-14T04:03:01Z" name="launchURL" finished-at="2021-05-14T04:03:07Z" duration-ms="5782" status="PASS">
          <reporter-output>
          </reporter-output>
        </test-method> <!-- launchURL -->
      </class> <!-- ABD.Arnab -->
    </test> <!-- Test -->
  </suite> <!-- Suite -->
</testng-results>
