<?xml version="1.0" encoding="UTF-8"?>
<testng-results ignored="0" total="1" passed="1" failed="0" skipped="0">
  <reporter-output>
  </reporter-output>
  <suite started-at="2021-05-13T17:22:57Z" name="Suite" finished-at="2021-05-13T17:23:03Z" duration-ms="6072">
    <groups>
    </groups>
    <test started-at="2021-05-13T17:22:57Z" name="Test" finished-at="2021-05-13T17:23:03Z" duration-ms="6072">
      <class name="ABD.Arnab">
        <test-method signature="launchURL()[pri:0, instance:ABD.Arnab@27e47833]" started-at="2021-05-13T17:22:57Z" name="launchURL" finished-at="2021-05-13T17:23:03Z" duration-ms="6056" status="PASS">
          <reporter-output>
          </reporter-output>
        </test-method> <!-- launchURL -->
      </class> <!-- ABD.Arnab -->
    </test> <!-- Test -->
  </suite> <!-- Suite -->
</testng-results>
