<?xml version="1.0" encoding="UTF-8"?>
<!-- Generated by org.testng.reporters.JUnitXMLReporter -->
<testsuite ignored="0" hostname="LAPTOP-U744AIR7" failures="0" tests="4" name="ChromeTest" time="48.565" errors="0" timestamp="18 May 2021 13:40:52 GMT">
  <testcase classname="testcases.MainScript" name="launchURL" time="15.471"/>
  <testcase classname="testcases.MainScript" name="upBikes" time="14.312"/>
  <testcase classname="testcases.MainScript" name="usedCars" time="10.697"/>
  <testcase classname="testcases.MainScript" name="googleSignIn" time="7.153"/>
</testsuite> <!-- ChromeTest -->
