<?xml version="1.0" encoding="UTF-8"?>
<!-- Generated by org.testng.reporters.JUnitXMLReporter -->
<testsuite ignored="3" hostname="LAPTOP-U744AIR7" failures="1" tests="2" name="Test" time="0.05" errors="0" timestamp="18 May 2021 06:45:06 GMT">
  <testcase classname="testcases.MainScript" name="titleCheck" time="0.01"/>
  <testcase classname="testcases.MainScript" name="upBikes" time="0.011">
    <failure type="java.lang.NullPointerException">
      <![CDATA[java.lang.NullPointerException
at java.base/java.util.Objects.requireNonNull(Objects.java:208)
at org.openqa.selenium.interactions.Actions.<init>(Actions.java:65)
at testcases.TC_HomePage.newUpcomingBikes(TC_HomePage.java:37)
at testcases.MainScript.upBikes(MainScript.java:28)
... Removed 25 stack frames]]>
    </failure>
  </testcase> <!-- upBikes -->
  <testcase classname="testcases.MainScript" name="launchURL" time="0.0">
    <ignored/>
  </testcase> <!-- launchURL -->
  <testcase classname="testcases.MainScript" name="usedCars" time="0.0">
    <ignored/>
  </testcase> <!-- usedCars -->
  <testcase classname="testcases.MainScript" name="googleSignIn" time="0.0">
    <ignored/>
  </testcase> <!-- googleSignIn -->
</testsuite> <!-- Test -->
