<?xml version="1.0" encoding="UTF-8"?>
<!-- Generated by org.testng.reporters.JUnitXMLReporter -->
<testsuite ignored="0" hostname="AnmolPC" failures="0" tests="4" name="ChromeTest" time="115.918" errors="0" timestamp="14 May 2021 11:23:08 GMT">
  <testcase classname="testcases.MainScript" name="launchURL" time="27.152"/>
  <testcase classname="testcases.MainScript" name="upBikes" time="57.73"/>
  <testcase classname="testcases.MainScript" name="usedCars" time="19.095"/>
  <testcase classname="testcases.MainScript" name="googleSignIn" time="10.468"/>
</testsuite> <!-- ChromeTest -->
