<?xml version="1.0" encoding="UTF-8"?>
<!-- Generated by org.testng.reporters.JUnitXMLReporter -->
<testsuite ignored="0" hostname="AnmolPC" failures="0" tests="4" name="Test" time="150.101" errors="0" timestamp="14 May 2021 07:12:43 GMT">
  <testcase classname="testcases.MainScript" name="launchURL" time="66.038"/>
  <testcase classname="testcases.MainScript" name="upBikes" time="16.051"/>
  <testcase classname="testcases.MainScript" name="usedCars" time="51.781"/>
  <testcase classname="testcases.MainScript" name="googleSignIn" time="13.133"/>
</testsuite> <!-- Test -->
