<?xml version="1.0" encoding="UTF-8"?>
<!-- Generated by org.testng.reporters.JUnitXMLReporter -->
<testsuite ignored="0" hostname="AnmolPC" failures="0" tests="11" name="Test" time="87.268" errors="0" timestamp="12 May 2021 11:00:27 GMT">
  <testcase classname="testcases.TC1_BrowserSelect" name="selDriver" time="3.569"/>
  <testcase classname="testcases.TC2_LaunchURL" name="getURL" time="22.786"/>
  <testcase classname="testcases.TC3_UpcomingBikes" name="newUpcomingBikes" time="2.466"/>
  <testcase classname="testcases.TC3_UpcomingBikes" name="makeHonda" time="20.28"/>
  <testcase classname="testcases.TC3_UpcomingBikes" name="hondaBikesDetail" time="0.266"/>
  <testcase classname="testcases.TC3_UpcomingBikes" name="sortingDetails" time="0.002"/>
  <testcase classname="testcases.TC3_UpcomingBikes" name="displayingDetails" time="5.538"/>
  <testcase classname="testcases.TC4_UsedCars" name="usedCarsChn" time="16.741"/>
  <testcase classname="testcases.TC4_UsedCars" name="popularModels" time="3.409"/>
  <testcase classname="testcases.TC5_GoogleSignIn" name="signUp" time="9.334"/>
  <testcase classname="testcases.TC5_GoogleSignIn" name="screenshotErrMsg" time="0.398"/>
</testsuite> <!-- Test -->
