<?xml version="1.0" encoding="UTF-8"?>
<testng-results ignored="0" total="11" passed="11" failed="0" skipped="0">
  <reporter-output>
  </reporter-output>
  <suite started-at="2021-05-12T10:58:59Z" name="Suite" finished-at="2021-05-12T11:00:27Z" duration-ms="87268">
    <groups>
      <group name="getURL">
        <method signature="TC2_LaunchURL.getURL()[pri:0, instance:testcases.TC2_LaunchURL@2f54a33d]" name="getURL" class="testcases.TC2_LaunchURL"/>
      </group> <!-- getURL -->
      <group name="selDriver">
        <method signature="TC1_BrowserSelect.selDriver()[pri:0, instance:testcases.TC1_BrowserSelect@60015ef5]" name="selDriver" class="testcases.TC1_BrowserSelect"/>
      </group> <!-- selDriver -->
      <group name="popModels">
        <method signature="TC4_UsedCars.popularModels()[pri:2, instance:testcases.TC4_UsedCars@1018bde2]" name="popularModels" class="testcases.TC4_UsedCars"/>
        <method signature="TC4_UsedCars.usedCarsChn()[pri:1, instance:testcases.TC4_UsedCars@1018bde2]" name="usedCarsChn" class="testcases.TC4_UsedCars"/>
      </group> <!-- popModels -->
      <group name="upBikes">
        <method signature="TC3_UpcomingBikes.displayingDetails()[pri:5, instance:testcases.TC3_UpcomingBikes@f2ff811]" name="displayingDetails" class="testcases.TC3_UpcomingBikes"/>
        <method signature="TC3_UpcomingBikes.hondaBikesDetail()[pri:3, instance:testcases.TC3_UpcomingBikes@f2ff811]" name="hondaBikesDetail" class="testcases.TC3_UpcomingBikes"/>
        <method signature="TC3_UpcomingBikes.makeHonda()[pri:2, instance:testcases.TC3_UpcomingBikes@f2ff811]" name="makeHonda" class="testcases.TC3_UpcomingBikes"/>
        <method signature="TC3_UpcomingBikes.newUpcomingBikes()[pri:1, instance:testcases.TC3_UpcomingBikes@f2ff811]" name="newUpcomingBikes" class="testcases.TC3_UpcomingBikes"/>
        <method signature="TC3_UpcomingBikes.sortingDetails()[pri:4, instance:testcases.TC3_UpcomingBikes@f2ff811]" name="sortingDetails" class="testcases.TC3_UpcomingBikes"/>
      </group> <!-- upBikes -->
    </groups>
    <test started-at="2021-05-12T10:58:59Z" name="Test" finished-at="2021-05-12T11:00:27Z" duration-ms="87268">
      <class name="testcases.TC3_UpcomingBikes">
        <test-method signature="newUpcomingBikes()[pri:1, instance:testcases.TC3_UpcomingBikes@f2ff811]" started-at="2021-05-12T10:59:27Z" name="newUpcomingBikes" depends-on-groups="getURL" finished-at="2021-05-12T10:59:29Z" duration-ms="2466" status="PASS">
          <reporter-output>
          </reporter-output>
        </test-method> <!-- newUpcomingBikes -->
        <test-method signature="makeHonda()[pri:2, instance:testcases.TC3_UpcomingBikes@f2ff811]" started-at="2021-05-12T10:59:29Z" name="makeHonda" depends-on-groups="getURL" finished-at="2021-05-12T10:59:49Z" duration-ms="20280" status="PASS">
          <reporter-output>
          </reporter-output>
        </test-method> <!-- makeHonda -->
        <test-method signature="hondaBikesDetail()[pri:3, instance:testcases.TC3_UpcomingBikes@f2ff811]" started-at="2021-05-12T10:59:49Z" name="hondaBikesDetail" depends-on-groups="getURL" finished-at="2021-05-12T10:59:50Z" duration-ms="266" status="PASS">
          <reporter-output>
          </reporter-output>
        </test-method> <!-- hondaBikesDetail -->
        <test-method signature="sortingDetails()[pri:4, instance:testcases.TC3_UpcomingBikes@f2ff811]" started-at="2021-05-12T10:59:50Z" name="sortingDetails" depends-on-groups="getURL" finished-at="2021-05-12T10:59:50Z" duration-ms="2" status="PASS">
          <reporter-output>
          </reporter-output>
        </test-method> <!-- sortingDetails -->
        <test-method signature="displayingDetails()[pri:5, instance:testcases.TC3_UpcomingBikes@f2ff811]" started-at="2021-05-12T10:59:50Z" name="displayingDetails" depends-on-groups="getURL" finished-at="2021-05-12T10:59:55Z" duration-ms="5538" status="PASS">
          <reporter-output>
          </reporter-output>
        </test-method> <!-- displayingDetails -->
      </class> <!-- testcases.TC3_UpcomingBikes -->
      <class name="testcases.TC4_UsedCars">
        <test-method signature="usedCarsChn()[pri:1, instance:testcases.TC4_UsedCars@1018bde2]" started-at="2021-05-12T10:59:55Z" name="usedCarsChn" depends-on-groups="upBikes" finished-at="2021-05-12T11:00:12Z" duration-ms="16741" status="PASS">
          <reporter-output>
          </reporter-output>
        </test-method> <!-- usedCarsChn -->
        <test-method signature="popularModels()[pri:2, instance:testcases.TC4_UsedCars@1018bde2]" started-at="2021-05-12T11:00:12Z" name="popularModels" depends-on-groups="upBikes" finished-at="2021-05-12T11:00:15Z" duration-ms="3409" status="PASS">
          <reporter-output>
          </reporter-output>
        </test-method> <!-- popularModels -->
      </class> <!-- testcases.TC4_UsedCars -->
      <class name="testcases.TC2_LaunchURL">
        <test-method signature="getURL()[pri:0, instance:testcases.TC2_LaunchURL@2f54a33d]" started-at="2021-05-12T10:59:04Z" name="getURL" depends-on-groups="selDriver" finished-at="2021-05-12T10:59:27Z" duration-ms="22786" status="PASS">
          <reporter-output>
          </reporter-output>
        </test-method> <!-- getURL -->
      </class> <!-- testcases.TC2_LaunchURL -->
      <class name="testcases.TC1_BrowserSelect">
        <test-method is-config="true" signature="userInput()[pri:0, instance:testcases.TC1_BrowserSelect@60015ef5]" started-at="2021-05-12T10:58:59Z" name="userInput" finished-at="2021-05-12T10:59:00Z" duration-ms="1036" status="PASS">
          <reporter-output>
          </reporter-output>
        </test-method> <!-- userInput -->
        <test-method signature="selDriver()[pri:0, instance:testcases.TC1_BrowserSelect@60015ef5]" started-at="2021-05-12T10:59:00Z" name="selDriver" finished-at="2021-05-12T10:59:04Z" duration-ms="3569" status="PASS">
          <reporter-output>
          </reporter-output>
        </test-method> <!-- selDriver -->
        <test-method is-config="true" signature="closeScQuitBrowser()[pri:0, instance:testcases.TC1_BrowserSelect@60015ef5]" started-at="2021-05-12T11:00:25Z" name="closeScQuitBrowser" finished-at="2021-05-12T11:00:27Z" duration-ms="1384" status="PASS">
          <reporter-output>
          </reporter-output>
        </test-method> <!-- closeScQuitBrowser -->
      </class> <!-- testcases.TC1_BrowserSelect -->
      <class name="testcases.TC5_GoogleSignIn">
        <test-method signature="signUp()[pri:1, instance:testcases.TC5_GoogleSignIn@65b3f4a4]" started-at="2021-05-12T11:00:15Z" name="signUp" depends-on-groups="popModels" finished-at="2021-05-12T11:00:25Z" duration-ms="9334" status="PASS">
          <reporter-output>
          </reporter-output>
        </test-method> <!-- signUp -->
        <test-method signature="screenshotErrMsg()[pri:2, instance:testcases.TC5_GoogleSignIn@65b3f4a4]" started-at="2021-05-12T11:00:25Z" name="screenshotErrMsg" depends-on-groups="popModels" finished-at="2021-05-12T11:00:25Z" duration-ms="398" status="PASS">
          <reporter-output>
          </reporter-output>
        </test-method> <!-- screenshotErrMsg -->
      </class> <!-- testcases.TC5_GoogleSignIn -->
    </test> <!-- Test -->
  </suite> <!-- Suite -->
</testng-results>
